Build started 10/11/21 20:19:52.
Logging verbosity is set to: Normal.     1>Project "C:\Users\Stoyan\Desktop\Stoyan\Work\windmills\Roomill\Roomill.vcxproj" on node 2 (Build target(s)).
     1>PrepareForBuild:
         Creating directory "bin\Debug\".
         Creating directory "obj\Debug\Roomill.tlog\".
       InitializeBuildStatus:
         Creating "obj\Debug\Roomill.tlog\unsuccessfulbuild" because "AlwaysCreate" was specified.
       ClCompile:
         C:\Program Files (x86)\Microsoft Visual Studio\2019\Community\VC\Tools\MSVC\14.29.30037\bin\HostX86\x64\CL.exe /c /ZI /JMC /nologo /W3 /WX- /diagnostics:column /Od /D DEBUG /D _UNICODE /D UNICODE /Gm- /EHsc /RTC1 /MDd /GS /fp:precise /Zc:wchar_t /Zc:forScope /Zc:inline /Fo"obj\Debug\\" /Fd"obj\Debug\vc142.pdb" /external:W3 /Gd /TP /FC /errorReport:prompt src\main.cpp
         main.cpp
       Link:
         C:\Program Files (x86)\Microsoft Visual Studio\2019\Community\VC\Tools\MSVC\14.29.30037\bin\HostX86\x64\link.exe /ERRORREPORT:PROMPT /OUT:"bin\Debug\Roomill.exe" /INCREMENTAL /ILK:"obj\Debug\Roomill.ilk" /NOLOGO kernel32.lib user32.lib gdi32.lib winspool.lib comdlg32.lib advapi32.lib shell32.lib ole32.lib oleaut32.lib uuid.lib odbc32.lib odbccp32.lib /MANIFEST /MANIFESTUAC:"level='asInvoker' uiAccess='false'" /manifest:embed /DEBUG /PDB:"bin\Debug\Roomill.pdb" /SUBSYSTEM:CONSOLE /TLBID:1 /DYNAMICBASE /NXCOMPAT /IMPLIB:"bin\Debug\Roomill.lib" /MACHINE:X64 obj\Debug\main.obj
         Roomill.vcxproj -> C:\Users\Stoyan\Desktop\Stoyan\Work\windmills\Roomill\bin\Debug\Roomill.exe
       FinalizeBuildStatus:
         Deleting file "obj\Debug\Roomill.tlog\unsuccessfulbuild".
         Touching "obj\Debug\Roomill.tlog\Roomill.lastbuildstate".
     1>Done Building Project "C:\Users\Stoyan\Desktop\Stoyan\Work\windmills\Roomill\Roomill.vcxproj" (Build target(s)).

Build succeeded.
    0 Warning(s)
    0 Error(s)

Time Elapsed 00:00:02.21
